[2015-01-13 08:41:15] START
[2015-01-13 08:43:51] CREATE tables.py: 0
[2015-01-13 08:52:01] EDIT bboard/models/tables.py: 7
[2015-01-20 20:18:50] EDIT board/views/default/index.html: 0
[2015-01-20 20:21:16] EDIT board/views/default/index.html: 0
[2015-01-20 20:23:29] EDIT board/views/layout.html: 1
[2015-01-20 20:27:47] EDIT board/views/default/add.html: 1
[2015-01-20 20:29:44] EDIT board/views/default/add.html: -1
[2015-01-20 20:30:59] EDIT board/views/layout.html: 0
[2015-01-20 20:31:46] EDIT board/views/layout.html: 0
[2015-01-20 20:37:47] EDIT board/models/tables.py: 5
[2015-01-20 20:37:47] EDIT board/models/tables.py: 0
[2015-01-20 20:38:31] EDIT board/models/tables.py: 0
[2015-01-20 20:41:30] EDIT board/views/default/view.html: 0
[2015-01-20 20:44:51] EDIT board/models/tables.py: 1
[2015-01-20 22:03:55] EDIT board/views/default/index.html: 0
[2015-01-20 22:07:01] DELETE board/views/default/index2.html: -7
[2015-01-20 22:08:48] EDIT board/views/default/edit.html: 0
[2015-01-20 22:14:47] EDIT board/controllers/default.py: 0
[2015-01-20 22:16:28] EDIT board/controllers/default.py: 3
[2015-01-20 22:17:05] EDIT board/controllers/default.py: 0
[2015-01-20 22:17:05] EDIT board/controllers/default.py: 0
[2015-01-20 22:17:54] EDIT board/views/default/index.html: 0
[2015-01-20 22:17:55] EDIT board/views/default/index.html: 0
[2015-01-20 22:20:32] EDIT board/controllers/default.py: 0
[2015-01-20 22:22:17] EDIT board/controllers/default.py: -3
[2015-01-20 22:33:39] EDIT board/models/tables.py: 0
[2015-01-20 22:35:52] EDIT board/models/tables.py: 2
[2015-01-20 22:36:09] EDIT board/models/tables.py: 0
[2015-01-20 22:36:16] EDIT board/models/tables.py: 0
[2015-01-20 22:36:18] EDIT board/models/tables.py: 0
[2015-01-20 22:36:31] EDIT board/models/tables.py: 0
[2015-01-20 22:36:38] EDIT board/models/tables.py: 0
[2015-01-20 22:50:28] EDIT board/models/tables.py: 1
[2015-01-20 22:50:48] EDIT board/models/tables.py: -1
[2015-01-20 22:51:32] EDIT board/views/default/view.html: 1
[2015-01-20 23:14:38] EDIT board/models/tables.py: 0
[2015-01-20 23:15:02] EDIT board/models/tables.py: 0
[2015-01-20 23:15:02] EDIT board/models/tables.py: 0
[2015-01-20 23:24:10] EDIT board/models/tables.py: 4
[2015-01-20 23:24:42] EDIT board/models/tables.py: -4
[2015-01-20 23:25:07] EDIT board/models/tables.py: 0
[2015-01-20 23:28:03] EDIT board/views/default/view.html: 0
[2015-01-20 23:31:55] EDIT board/models/tables.py: -1
[2015-01-20 23:33:22] EDIT board/models/tables.py: 0
[2015-01-20 23:33:51] EDIT board/models/tables.py: -2
[2015-01-20 23:34:23] EDIT board/models/tables.py: 0
[2015-01-20 23:34:46] EDIT board/models/tables.py: 2
[2015-01-20 23:35:51] EDIT board/models/tables.py: 1
[2015-01-20 23:50:04] EDIT board/controllers/default.py: 0
[2015-01-20 23:58:44] EDIT board/models/tables.py: -1
[2015-01-20 23:59:24] EDIT board/models/tables.py: 0
[2015-01-21 00:00:55] EDIT board/models/tables.py: 0
[2015-01-21 00:06:08] EDIT board/models/tables.py: 1
[2015-01-21 00:08:26] EDIT board/models/tables.py: -2
[2015-01-21 00:09:33] EDIT board/models/tables.py: 2
[2015-01-21 00:11:03] EDIT board/models/tables.py: 0
[2015-01-21 00:12:57] EDIT board/models/tables.py: 1
[2015-01-21 00:16:20] EDIT board/views/default/view.html: 0
[2015-01-21 00:24:53] EDIT board/models/tables.py: -1
[2015-01-21 00:25:18] EDIT board/views/default/view.html: 0
[2015-01-21 00:25:18] EDIT board/views/default/view.html: 0
[2015-01-21 00:26:04] EDIT board/models/tables.py: -1
[2015-01-21 00:28:39] EDIT board/models/tables.py: 0
[2015-01-21 04:12:18] EDIT board/models/tables.py: -1
[2015-01-21 04:13:21] EDIT board/views/default/view.html: 0
[2015-01-22 02:03:34] EDIT board/models/tables.py: 6
[2015-01-22 02:03:56] EDIT board/models/tables.py: 0
[2015-01-22 02:04:46] EDIT board/models/tables.py: 0
[2015-01-22 02:04:47] EDIT board/models/tables.py: 0
[2015-01-22 02:05:37] EDIT board/models/tables.py: 0
[2015-01-22 02:05:40] EDIT board/models/tables.py: 0
[2015-01-22 02:10:47] EDIT board/controllers/default.py: 3
[2015-01-22 02:10:57] EDIT board/views/default/view.html: 1
[2015-01-22 02:11:23] EDIT board/views/default/add.html: 1
[2015-01-22 02:12:24] EDIT board/controllers/default.py: 0
[2015-01-22 02:12:24] EDIT board/controllers/default.py: 0
[2015-01-22 02:14:25] EDIT board/controllers/default.py: 0
[2015-01-22 02:14:50] EDIT board/views/default/add.html: 0
[2015-01-22 02:14:51] EDIT board/views/default/add.html: 0
[2015-01-22 02:16:18] EDIT board/views/default/view.html: -1
[2015-01-22 02:16:20] EDIT board/controllers/default.py: 0
[2015-01-22 02:16:22] EDIT board/views/default/add.html: 0
[2015-01-22 02:16:24] EDIT board/views/default/edit.html: 1
[2015-01-22 02:30:41] EDIT board/models/tables.py: -2
[2015-01-22 02:31:35] EDIT board/views/default/edit.html: 0
[2015-01-22 02:31:37] EDIT board/views/default/add.html: 0
[2015-01-22 02:31:39] EDIT board/views/default/view.html: 0
[2015-01-22 02:35:09] EDIT board/views/default/view.html: 1
[2015-01-22 02:35:31] EDIT board/models/tables.py: 0
[2015-01-22 02:36:22] EDIT board/views/default/add.html: -1
[2015-01-22 02:37:06] EDIT board/views/default/edit.html: -1
[2015-01-22 02:37:15] EDIT board/views/default/view.html: -1
[2015-01-22 02:37:15] EDIT board/views/default/view.html: 0
[2015-01-22 02:39:08] EDIT board/views/default/view.html: 0
[2015-01-22 04:24:44] EDIT board/models/tables.py: 3
[2015-01-22 04:25:10] EDIT board/models/tables.py: 0
[2015-01-22 04:25:11] EDIT board/models/tables.py: 0
[2015-01-22 04:25:36] EDIT board/models/tables.py: 0
[2015-01-22 04:26:25] EDIT board/models/tables.py: 0
[2015-01-22 04:26:25] EDIT board/models/tables.py: 0
[2015-01-22 04:27:05] EDIT board/models/tables.py: 0
[2015-01-22 04:27:44] EDIT board/models/tables.py: 0
[2015-01-22 04:29:15] EDIT board/models/tables.py: 0
[2015-01-22 04:29:16] EDIT board/models/tables.py: 0
[2015-01-22 04:32:53] EDIT board/models/tables.py: 2
[2015-01-22 04:33:02] EDIT board/models/tables.py: 0
[2015-01-22 04:34:41] EDIT board/views/default/view.html: 0
[2015-01-22 04:36:13] EDIT board/views/default/view.html: 0
[2015-01-22 04:39:14] EDIT board/views/default/view.html: 0
[2015-01-22 04:50:29] EDIT board/views/default/view.html: 0
[2015-01-22 05:04:37] EDIT board/views/default/index.html: 1
[2015-01-22 05:05:09] EDIT board/views/default/index.html: 0
[2015-01-22 05:05:38] EDIT board/views/default/index.html: 0
[2015-01-22 05:06:50] EDIT board/models/tables.py: -1
[2015-01-22 05:07:15] EDIT board/views/default/view.html: -1
[2015-01-22 05:08:47] EDIT board/views/default/index.html: 0
[2015-01-22 05:11:24] EDIT board/views/default/index.html: 1
[2015-01-22 05:28:01] EDIT board/views/default/index.html: 0
[2015-01-22 05:30:02] EDIT board/views/default/index.html: 0
[2015-01-22 07:23:20] EDIT board/views/default/index.html: 0
[2015-01-27 00:43:13] CREATE index2.html: 0
[2015-01-27 00:43:40] DELETE board/views/index2.html: -3
[2015-01-27 00:43:57] CREATE default/index2.html: 0
[2015-01-27 00:44:13] EDIT board/views/default/index2.html: 4
[2015-01-27 00:59:12] EDIT board/controllers/default.py: 0
[2015-01-27 01:05:57] EDIT board/controllers/default.py: -7
[2015-01-27 01:06:27] EDIT board/controllers/default.py: 0
[2015-01-27 01:07:30] EDIT board/views/default/index.html: -15
[2015-01-27 01:16:00] EDIT board/controllers/default.py: 1
[2015-01-27 01:16:14] EDIT board/controllers/default.py: 0
[2015-01-27 01:16:41] EDIT board/controllers/default.py: 0
[2015-01-27 01:19:25] EDIT board/models/tables.py: -5
[2015-01-27 01:21:59] EDIT board/controllers/default.py: 4
[2015-01-27 01:22:09] EDIT board/controllers/default.py: 0
[2015-01-27 01:22:14] EDIT board/controllers/default.py: 0
[2015-01-27 01:23:26] EDIT board/controllers/default.py: 0
[2015-01-27 01:23:39] EDIT board/controllers/default.py: 0
[2015-01-27 01:23:46] EDIT board/controllers/default.py: 0
[2015-01-27 01:23:53] EDIT board/controllers/default.py: -1
[2015-01-27 01:23:59] EDIT board/controllers/default.py: 1
[2015-01-27 01:24:06] EDIT board/controllers/default.py: 0
[2015-01-27 01:24:42] EDIT board/controllers/default.py: 0
[2015-01-27 01:30:45] EDIT board/controllers/default.py: 1
[2015-01-27 01:33:09] EDIT board/views/default/index.html: 0
[2015-01-27 01:41:09] EDIT board/controllers/default.py: 2
[2015-01-27 01:41:22] EDIT board/controllers/default.py: 0
[2015-01-27 01:42:11] EDIT board/controllers/default.py: 0
[2015-01-27 01:42:22] EDIT board/controllers/default.py: 0
[2015-01-27 01:42:28] EDIT board/controllers/default.py: 0
[2015-01-27 01:42:29] EDIT board/controllers/default.py: 0
[2015-01-27 01:42:42] EDIT board/controllers/default.py: 0
[2015-01-27 01:43:39] EDIT board/controllers/default.py: 1
[2015-01-27 01:43:46] EDIT board/controllers/default.py: 0
[2015-01-27 01:44:09] EDIT board/controllers/default.py: -1
[2015-01-27 01:44:30] EDIT board/views/default/index.html: 0
[2015-01-27 01:44:32] EDIT board/controllers/default.py: 0
[2015-01-27 01:48:14] EDIT board/controllers/default.py: 0
[2015-01-27 01:54:28] EDIT board/controllers/default.py: 3
[2015-01-27 01:55:32] EDIT board/controllers/default.py: 0
[2015-01-27 01:57:00] EDIT board/controllers/default.py: -4
[2015-01-27 01:57:20] EDIT board/controllers/default.py: 0
[2015-01-27 01:57:28] EDIT board/controllers/default.py: 0
[2015-01-27 01:57:33] EDIT board/controllers/default.py: 0
[2015-01-27 01:58:15] EDIT board/controllers/default.py: 0
[2015-01-27 01:58:36] EDIT board/controllers/default.py: 0
[2015-01-27 02:00:04] EDIT board/controllers/default.py: 0
[2015-01-27 02:02:30] EDIT board/controllers/default.py: 0
[2015-01-27 02:03:43] EDIT board/controllers/default.py: -2
[2015-01-27 02:11:10] EDIT board/controllers/default.py: 6
[2015-01-27 02:11:31] EDIT board/controllers/default.py: -1
[2015-01-27 02:12:46] EDIT board/controllers/default.py: -1
[2015-01-27 02:12:48] EDIT board/controllers/default.py: 0
[2015-01-27 02:16:39] EDIT board/controllers/default.py: 2
[2015-01-27 02:16:55] EDIT board/controllers/default.py: 0
[2015-01-27 02:17:04] EDIT board/controllers/default.py: 0
[2015-01-27 02:17:30] EDIT board/controllers/default.py: 0
[2015-01-27 02:17:45] EDIT board/controllers/default.py: 0
[2015-01-27 02:18:40] EDIT board/controllers/default.py: 0
[2015-01-27 02:22:45] EDIT board/controllers/default.py: 0
[2015-01-27 02:24:53] EDIT board/controllers/default.py: 0
[2015-01-27 02:25:32] EDIT board/controllers/default.py: 0
[2015-01-27 02:28:00] EDIT board/controllers/default.py: -4
[2015-01-27 02:28:18] EDIT board/controllers/default.py: 0
[2015-01-27 02:30:25] EDIT board/controllers/default.py: 0
[2015-01-29 00:05:44] EDIT board/controllers/default.py: 0
[2015-01-29 00:05:59] EDIT board/controllers/default.py: 0
[2015-01-29 00:06:32] EDIT board/controllers/default.py: 0
[2015-01-29 00:08:21] EDIT board/controllers/default.py: 0
[2015-01-29 00:09:56] EDIT board/controllers/default.py: 0
[2015-01-29 00:10:42] EDIT board/controllers/default.py: 0
[2015-01-29 00:13:24] EDIT board/controllers/default.py: 0
[2015-01-29 00:13:49] EDIT board/controllers/default.py: 0
[2015-01-29 00:29:04] EDIT board/controllers/default.py: 7
[2015-01-29 00:29:19] EDIT board/controllers/default.py: 0
[2015-01-29 00:29:40] EDIT board/controllers/default.py: 0
[2015-01-29 00:30:08] EDIT board/controllers/default.py: 1
[2015-01-29 00:30:49] EDIT board/controllers/default.py: 0
[2015-01-29 00:31:45] EDIT board/controllers/default.py: -1
[2015-01-29 00:32:28] EDIT board/controllers/default.py: 0
[2015-01-29 00:32:34] EDIT board/controllers/default.py: 0
[2015-01-29 00:32:54] EDIT board/controllers/default.py: 0
[2015-01-29 00:34:12] EDIT board/controllers/default.py: 3
[2015-01-29 00:36:04] EDIT board/controllers/default.py: 0
[2015-01-29 00:36:43] EDIT board/controllers/default.py: 0
[2015-01-29 03:52:06] EDIT board/controllers/default.py: -1
[2015-01-29 03:53:42] EDIT board/controllers/default.py: 0
[2015-01-29 03:56:45] EDIT board/controllers/default.py: 1
[2015-01-29 04:03:53] EDIT board/controllers/default.py: 2
[2015-01-29 04:05:59] EDIT board/controllers/default.py: 0
[2015-01-29 04:07:33] EDIT board/controllers/default.py: 0
[2015-01-29 04:08:30] EDIT board/controllers/default.py: 0
[2015-01-29 04:11:57] EDIT board/models/tables.py: 3
[2015-01-29 04:13:47] EDIT board/controllers/default.py: 0
[2015-01-29 04:13:55] EDIT board/models/tables.py: 0
[2015-01-29 04:14:45] CREATE default/delete.html: 0
[2015-01-29 04:15:35] EDIT board/views/default/delete.html: 1
[2015-01-29 04:16:58] EDIT board/models/tables.py: -1
[2015-01-29 04:19:00] EDIT board/controllers/default.py: 1
[2015-01-29 04:20:46] EDIT board/controllers/default.py: 0
[2015-01-29 04:27:34] EDIT board/controllers/default.py: 0
[2015-01-29 04:27:59] EDIT board/controllers/default.py: 0
[2015-01-29 04:28:00] EDIT board/controllers/default.py: 0
[2015-01-29 04:29:30] EDIT board/controllers/default.py: 4
[2015-01-29 04:30:12] EDIT board/controllers/default.py: 0
[2015-01-29 04:42:25] EDIT board/controllers/default.py: 0
[2015-01-29 04:43:24] EDIT board/controllers/default.py: 0
[2015-01-29 04:44:05] EDIT board/views/default/index.html: 1
[2015-01-29 04:47:21] EDIT board/views/default/index.html: 0
[2015-01-29 04:52:24] EDIT board/controllers/default.py: 0
[2015-01-29 04:57:27] EDIT board/controllers/default.py: 0
[2015-01-29 04:59:21] EDIT board/views/default/index.html: 0
[2015-01-29 04:59:46] EDIT board/views/default/index.html: 0
[2015-01-29 05:04:05] EDIT board/controllers/default.py: 0
[2015-01-29 05:04:42] EDIT board/controllers/default.py: 0
[2015-01-29 05:06:39] EDIT board/controllers/default.py: 0
[2015-01-29 05:06:48] EDIT board/controllers/default.py: 0
[2015-03-14 01:12:34] EDIT PokeTraderV2/controllers/default.py: -6
[2015-03-14 01:12:50] EDIT PokeTraderV2/controllers/default.py: 0
[2015-03-14 01:13:30] EDIT PokeTraderV2/controllers/default.py: -4
[2015-03-14 01:14:19] EDIT PokeTraderV2/controllers/default.py: -8
[2015-03-14 01:14:29] EDIT PokeTraderV2/controllers/default.py: 0
[2015-03-14 01:15:14] EDIT PokeTraderV2/models/menu.py: 0
[2015-03-14 01:20:27] EDIT PokeTraderV2/controllers/default.py: 0
[2015-03-14 16:26:59] DELETE PokeTraderV2/views/default/index2.html: -7
[2015-03-14 16:27:14] DELETE PokeTraderV2/views/default/index.html.1: -21
[2015-03-14 16:33:53] EDIT PokeTraderV2/views/layout.html: 0
[2015-03-14 16:34:20] EDIT PokeTraderV2/views/layout.html: 0
[2015-03-14 16:34:23] EDIT PokeTraderV2/views/layout.html: 0
[2015-03-14 16:35:29] EDIT PokeTraderV2/views/default/index.html: 0
[2015-03-14 16:36:26] EDIT PokeTraderV2/views/layout.html: 0
[2015-03-14 16:37:23] EDIT PokeTraderV2/views/layout.html: 0
[2015-03-14 16:38:31] EDIT PokeTraderV2/models/menu.py: -2
[2015-03-14 16:38:48] EDIT PokeTraderV2/models/menu.py: -2
[2015-03-14 16:39:25] EDIT PokeTraderV2/models/menu.py: 2
[2015-03-14 16:39:44] EDIT PokeTraderV2/models/menu.py: 0
[2015-03-14 16:40:00] EDIT PokeTraderV2/models/menu.py: 0
[2015-03-14 16:41:48] EDIT PokeTraderV2/models/tables.py: 1
[2015-03-14 16:42:38] EDIT PokeTraderV2/models/tables.py: 2
[2015-03-14 16:42:58] EDIT PokeTraderV2/models/tables.py: -1
[2015-03-14 16:43:05] EDIT PokeTraderV2/controllers/default.py: 0
[2015-03-14 16:43:34] EDIT PokeTraderV2/models/tables.py: 0
[2015-03-14 16:43:41] EDIT PokeTraderV2/models/tables.py: 0
[2015-03-14 16:43:48] EDIT PokeTraderV2/models/tables.py: 0
[2015-03-14 16:44:07] EDIT PokeTraderV2/models/tables.py: 0
[2015-03-14 16:45:03] EDIT PokeTraderV2/models/tables.py: 0
[2015-03-14 16:45:55] EDIT PokeTraderV2/models/tables.py: -2
[2015-03-14 16:46:06] EDIT PokeTraderV2/models/tables.py: 0
[2015-03-14 16:47:22] EDIT PokeTraderV2/models/tables.py: 0
[2015-03-14 16:47:33] EDIT PokeTraderV2/models/tables.py: 0
[2015-03-14 16:48:34] EDIT PokeTraderV2/models/tables.py: 0
[2015-03-14 16:48:56] EDIT PokeTraderV2/controllers/default.py: 0
[2015-03-14 17:07:44] EDIT PokeTraderV2/models/tables.py: 5
[2015-03-14 17:07:59] EDIT PokeTraderV2/models/tables.py: 0
[2015-03-14 17:09:14] EDIT PokeTraderV2/models/tables.py: 5
[2015-03-14 17:09:46] EDIT PokeTraderV2/models/tables.py: 0
[2015-03-14 17:10:20] EDIT PokeTraderV2/models/tables.py: 1
[2015-03-14 17:10:31] EDIT PokeTraderV2/models/tables.py: 0
[2015-03-14 17:11:19] EDIT PokeTraderV2/models/tables.py: 2
[2015-03-14 17:12:36] EDIT PokeTraderV2/models/tables.py: 3
[2015-03-14 17:13:05] EDIT PokeTraderV2/models/tables.py: 5
[2015-03-14 17:13:18] EDIT PokeTraderV2/models/tables.py: 0
[2015-03-14 17:13:26] EDIT PokeTraderV2/models/tables.py: 0
[2015-03-14 17:13:56] EDIT PokeTraderV2/models/tables.py: -2
[2015-03-14 17:14:28] EDIT PokeTraderV2/models/tables.py: 0
[2015-03-14 17:15:17] EDIT PokeTraderV2/models/tables.py: 0
[2015-03-14 17:15:48] EDIT PokeTraderV2/models/tables.py: 1
[2015-03-14 17:17:52] EDIT PokeTraderV2/models/tables.py: 2
[2015-03-14 17:18:26] EDIT PokeTraderV2/models/tables.py: 0
[2015-03-14 17:19:30] EDIT PokeTraderV2/models/tables.py: 1
[2015-03-14 17:20:52] EDIT PokeTraderV2/models/tables.py: 3
[2015-03-14 17:21:37] EDIT PokeTraderV2/models/tables.py: -1
[2015-03-14 17:21:58] EDIT PokeTraderV2/models/tables.py: 0
[2015-03-14 17:22:24] EDIT PokeTraderV2/models/tables.py: 1
[2015-03-14 17:26:06] EDIT PokeTraderV2/models/tables.py: 0
[2015-03-14 17:27:39] EDIT PokeTraderV2/models/tables.py: 2
[2015-03-14 17:49:58] EDIT PokeTraderV2/models/tables.py: 19
[2015-03-14 17:50:59] EDIT PokeTraderV2/models/tables.py: -19
[2015-03-14 17:51:22] EDIT PokeTraderV2/models/tables.py: -2
[2015-03-14 17:52:14] EDIT PokeTraderV2/models/tables.py: 1
[2015-03-14 17:52:48] EDIT PokeTraderV2/models/tables.py: 0
[2015-03-14 17:53:08] EDIT PokeTraderV2/models/tables.py: 0
[2015-03-14 17:56:38] EDIT PokeTraderV2/models/tables.py: 0
[2015-03-14 17:56:52] EDIT PokeTraderV2/models/tables.py: 0
[2015-03-14 17:58:53] EDIT PokeTraderV2/controllers/default.py: 0
[2015-03-14 18:07:06] EDIT PokeTraderV2/models/tables.py: 2
[2015-03-14 18:10:59] EDIT PokeTraderV2/models/tables.py: -4
[2015-03-14 18:12:43] EDIT PokeTraderV2/models/tables.py: -2
[2015-03-14 18:13:09] EDIT PokeTraderV2/models/tables.py: -1
[2015-03-14 18:13:20] EDIT PokeTraderV2/models/tables.py: -3
[2015-03-14 18:13:43] EDIT PokeTraderV2/models/tables.py: -2
[2015-03-14 18:14:18] EDIT PokeTraderV2/models/tables.py: 1
[2015-03-14 18:14:34] EDIT PokeTraderV2/models/tables.py: 1
[2015-03-14 18:15:07] EDIT PokeTraderV2/models/tables.py: 0
[2015-03-14 18:16:05] EDIT PokeTraderV2/models/tables.py: 8
[2015-03-14 18:18:57] EDIT PokeTraderV2/models/tables.py: -1
[2015-03-14 18:21:03] EDIT PokeTraderV2/models/tables.py: 1
[2015-03-14 18:21:43] EDIT PokeTraderV2/controllers/default.py: 0
[2015-03-14 18:23:08] EDIT PokeTraderV2/controllers/default.py: 0
[2015-03-14 18:25:50] EDIT PokeTraderV2/models/tables.py: 0
[2015-03-14 18:25:52] EDIT PokeTraderV2/controllers/default.py: 0
[2015-03-16 16:59:08] EDIT PokeTraderV2/models/tables.py: -1
[2015-03-16 17:01:07] EDIT PokeTraderV2/models/tables.py: 3
[2015-03-16 17:01:58] EDIT PokeTraderV2/models/tables.py: 0
[2015-03-16 17:02:18] EDIT PokeTraderV2/models/tables.py: 0
[2015-03-16 17:07:17] EDIT PokeTraderV2/models/tables.py: 0
[2015-03-16 17:11:25] EDIT PokeTraderV2/models/tables.py: 0
[2015-03-16 17:12:36] EDIT PokeTraderV2/models/tables.py: 0
[2015-03-16 17:12:49] EDIT PokeTraderV2/models/tables.py: 1
[2015-03-16 17:13:15] EDIT PokeTraderV2/models/tables.py: 0
[2015-03-16 17:13:41] EDIT PokeTraderV2/models/tables.py: 0
[2015-03-16 17:15:30] EDIT PokeTraderV2/models/tables.py: 1
[2015-03-16 17:15:36] EDIT PokeTraderV2/models/tables.py: 0
[2015-03-16 17:15:49] EDIT PokeTraderV2/models/tables.py: -1
[2015-03-16 17:15:58] EDIT PokeTraderV2/models/tables.py: 0
[2015-03-16 17:16:32] EDIT PokeTraderV2/models/tables.py: 0
[2015-03-16 17:17:54] EDIT PokeTraderV2/models/tables.py: 3
[2015-03-16 17:17:59] EDIT PokeTraderV2/models/tables.py: 0
[2015-03-16 17:18:53] EDIT PokeTraderV2/models/tables.py: 1
[2015-03-16 17:19:20] EDIT PokeTraderV2/models/tables.py: 0
[2015-03-16 17:19:34] EDIT PokeTraderV2/models/tables.py: 0
[2015-03-16 17:20:33] EDIT PokeTraderV2/models/tables.py: 0
[2015-03-16 17:20:53] EDIT PokeTraderV2/models/tables.py: -5
[2015-03-16 17:21:05] EDIT PokeTraderV2/models/tables.py: 0
[2015-03-16 17:22:37] CREATE default/myshop.py: 0
[2015-03-16 17:23:31] CREATE default/myshop.html: 0
[2015-03-16 17:23:55] DELETE PokeTraderV2/models/default/myshop.py: 0
[2015-03-16 17:25:50] EDIT PokeTraderV2/views/default/myshop.html: 5
[2015-03-16 17:26:18] EDIT PokeTraderV2/controllers/default.py: 40
[2015-03-16 17:26:26] EDIT PokeTraderV2/views/default/myshop.html: 0
[2015-03-16 17:27:03] EDIT PokeTraderV2/controllers/default.py: 0
[2015-03-16 17:31:21] EDIT PokeTraderV2/models/tables.py: 0
[2015-03-16 17:32:32] EDIT PokeTraderV2/models/tables.py: 0
[2015-03-16 17:32:46] EDIT PokeTraderV2/models/tables.py: 0
[2015-03-16 17:33:11] EDIT PokeTraderV2/models/tables.py: 0
[2015-03-16 17:33:40] EDIT PokeTraderV2/models/tables.py: 0
[2015-03-16 17:35:33] EDIT PokeTraderV2/models/tables.py: 1
[2015-03-16 17:37:33] EDIT PokeTraderV2/models/tables.py: 0
[2015-03-16 17:37:44] EDIT PokeTraderV2/models/tables.py: 0
[2015-03-16 17:43:38] EDIT PokeTraderV2/controllers/default.py: -9
[2015-03-16 17:43:56] EDIT PokeTraderV2/controllers/default.py: 4
[2015-03-16 17:44:30] EDIT PokeTraderV2/controllers/default.py: 0
[2015-03-16 17:45:12] EDIT PokeTraderV2/controllers/default.py: 5
[2015-03-16 17:45:17] EDIT PokeTraderV2/controllers/default.py: 0
[2015-03-16 17:45:47] EDIT PokeTraderV2/controllers/default.py: 0
[2015-03-16 17:46:04] EDIT PokeTraderV2/controllers/default.py: 0
[2015-03-16 17:46:12] EDIT PokeTraderV2/controllers/default.py: 0
[2015-03-16 17:46:35] EDIT PokeTraderV2/controllers/default.py: 0
[2015-03-16 17:46:42] EDIT PokeTraderV2/controllers/default.py: 0
[2015-03-16 17:47:12] EDIT PokeTraderV2/controllers/default.py: 0
[2015-03-16 17:47:12] EDIT PokeTraderV2/controllers/default.py: 0
[2015-03-16 17:53:00] EDIT PokeTraderV2/controllers/default.py: 1
[2015-03-16 17:54:09] EDIT PokeTraderV2/controllers/default.py: 0
[2015-03-17 04:46:36] CREATE posts.py: 0
[2015-03-17 04:47:00] EDIT PokeTraderV2/models/posts.py: 4
[2015-03-17 04:48:23] EDIT PokeTraderV2/models/posts.py: 0
[2015-03-17 04:49:01] EDIT PokeTraderV2/models/posts.py: 5
[2015-03-17 04:49:26] EDIT PokeTraderV2/models/posts.py: 0
[2015-03-17 04:49:54] EDIT PokeTraderV2/models/posts.py: 1
[2015-03-17 04:50:32] EDIT PokeTraderV2/models/posts.py: 0
[2015-03-17 04:51:06] EDIT PokeTraderV2/models/posts.py: 0
[2015-03-17 04:56:13] EDIT PokeTraderV2/controllers/default.py: 3
[2015-03-17 04:59:17] EDIT PokeTraderV2/models/tables.py: 4
[2015-03-17 05:01:25] EDIT PokeTraderV2/models/tables.py: 2
[2015-03-17 05:01:59] EDIT PokeTraderV2/models/tables.py: 0
[2015-03-17 05:04:11] EDIT PokeTraderV2/models/tables.py: 0
[2015-03-17 05:05:06] EDIT PokeTraderV2/views/default/view.html: 1
[2015-03-17 05:06:55] EDIT PokeTraderV2/models/tables.py: 0
[2015-03-17 05:07:57] EDIT PokeTraderV2/controllers/default.py: 0
[2015-03-17 05:08:56] EDIT PokeTraderV2/models/tables.py: 0
[2015-03-17 05:09:10] EDIT PokeTraderV2/controllers/default.py: 0
[2015-03-17 05:10:39] EDIT PokeTraderV2/views/default/view.html: 16
[2015-03-17 05:11:01] EDIT PokeTraderV2/views/default/view.html: -2
[2015-03-17 05:11:08] EDIT PokeTraderV2/views/default/view.html: -1
[2015-03-17 05:12:21] EDIT PokeTraderV2/views/default/view.html: -5
[2015-03-17 05:13:04] EDIT PokeTraderV2/controllers/default.py: 0
[2015-03-17 05:13:27] EDIT PokeTraderV2/models/tables.py: 0
[2015-03-17 05:18:48] EDIT PokeTraderV2/models/tables.py: 0
[2015-03-17 05:19:04] EDIT PokeTraderV2/controllers/default.py: 0
[2015-03-17 05:20:59] EDIT PokeTraderV2/views/default/view.html: 0
[2015-03-17 05:23:09] EDIT PokeTraderV2/views/default/view.html: -1
[2015-03-17 05:23:16] EDIT PokeTraderV2/views/default/view.html: 1
[2015-03-17 05:24:40] EDIT PokeTraderV2/models/tables.py: 0
[2015-03-17 05:24:40] EDIT PokeTraderV2/models/tables.py: 0
[2015-03-17 05:24:40] EDIT PokeTraderV2/models/tables.py: 0
[2015-03-17 05:24:44] EDIT PokeTraderV2/models/tables.py: 0
[2015-03-17 05:24:56] EDIT PokeTraderV2/controllers/default.py: 0
[2015-03-17 05:24:58] EDIT PokeTraderV2/views/default/view.html: 0
[2015-03-17 05:26:43] EDIT PokeTraderV2/controllers/default.py: 0
[2015-03-17 05:27:23] EDIT PokeTraderV2/controllers/default.py: 0
[2015-03-17 05:28:00] EDIT PokeTraderV2/controllers/default.py: 0
[2015-03-17 05:29:00] EDIT PokeTraderV2/views/default/index.html: 0
[2015-03-17 05:29:02] EDIT PokeTraderV2/controllers/default.py: 0
[2015-03-17 05:29:04] EDIT PokeTraderV2/views/default/view.html: 0
[2015-03-17 05:29:06] EDIT PokeTraderV2/models/tables.py: 0
[2015-03-17 05:30:27] EDIT PokeTraderV2/controllers/default.py: 2
[2015-03-17 05:33:27] EDIT PokeTraderV2/models/tables.py: -1
[2015-03-17 05:33:35] EDIT PokeTraderV2/models/tables.py: -1
[2015-03-17 05:34:12] EDIT PokeTraderV2/controllers/default.py: -2
[2015-03-17 05:34:38] EDIT PokeTraderV2/views/default/index.html: 0
[2015-03-17 05:35:20] EDIT PokeTraderV2/views/default/index.html: -1
[2015-03-17 05:35:41] EDIT PokeTraderV2/views/default/index.html: 1
[2015-03-17 05:36:56] EDIT PokeTraderV2/controllers/default.py: 1
[2015-03-17 05:37:10] EDIT PokeTraderV2/controllers/default.py: 0
[2015-03-17 05:37:54] EDIT PokeTraderV2/views/default/index.html: 9
[2015-03-17 05:42:13] EDIT PokeTraderV2/controllers/default.py: 1
[2015-03-17 05:45:37] EDIT PokeTraderV2/controllers/default.py: 0
[2015-03-17 05:45:57] EDIT PokeTraderV2/views/default/index.html: -9
[2015-03-17 05:46:50] EDIT PokeTraderV2/controllers/default.py: 0
[2015-03-17 05:47:06] EDIT PokeTraderV2/controllers/default.py: 0
[2015-03-17 05:47:27] EDIT PokeTraderV2/controllers/default.py: 0
[2015-03-17 05:54:50] EDIT PokeTraderV2/controllers/default.py: 0
[2015-03-17 06:06:20] EDIT PokeTraderV4/controllers/default.py: -54
[2015-03-17 06:06:28] EDIT PokeTraderV4/controllers/default.py: 54
[2015-03-17 06:06:29] EDIT PokeTraderV4/controllers/default.py: 0
[2015-03-17 06:35:17] EDIT PokeTraderV4/controllers/default.py: -6
[2015-03-17 06:35:51] EDIT PokeTraderV4/views/default/index.html: 0
[2015-03-17 06:37:34] EDIT PokeTraderV4/controllers/default.py: 1
[2015-03-17 06:37:52] EDIT PokeTraderV4/controllers/default.py: -6
[2015-03-17 06:39:15] EDIT PokeTraderV4/controllers/default.py: 0
[2015-03-17 06:39:45] EDIT PokeTraderV4/controllers/default.py: 0
[2015-03-17 06:40:39] EDIT PokeTraderV4/controllers/default.py: -2
[2015-03-17 06:41:06] EDIT PokeTraderV4/models/menu.py: 0
[2015-03-17 06:41:58] EDIT PokeTraderV4/views/default/index.html: 0
[2015-03-17 06:45:20] EDIT PokeTraderV4/controllers/default.py: 3
[2015-03-17 06:53:04] EDIT PokeTraderV4/controllers/default.py: -3
[2015-03-17 06:53:20] EDIT PokeTraderV4/controllers/default.py: 0
[2015-03-17 06:54:04] EDIT PokeTraderV4/controllers/default.py: 0
[2015-03-17 06:54:43] EDIT PokeTraderV4/controllers/default.py: 1
[2015-03-17 06:55:31] EDIT PokeTraderV4/controllers/default.py: 0
[2015-03-17 06:57:58] EDIT PokeTraderV4/controllers/default.py: 0
[2015-03-17 06:59:08] EDIT PokeTraderV4/controllers/default.py: -31
[2015-03-17 06:59:23] EDIT PokeTraderV4/controllers/default.py: 0
[2015-03-17 06:59:35] EDIT PokeTraderV4/views/default/myshop.html: 0
[2015-03-17 06:59:37] EDIT PokeTraderV4/views/default/myshop.html: -1
[2015-03-17 06:59:52] EDIT PokeTraderV4/views/default/myshop.html: -3
[2015-03-17 07:01:18] EDIT PokeTraderV4/controllers/default.py: 0
[2015-03-17 07:08:04] EDIT PokeTraderV4/controllers/default.py: 0
[2015-03-17 07:08:36] EDIT PokeTraderV4/views/default/myshop.html: 0
[2015-03-17 07:08:56] EDIT PokeTraderV4/controllers/default.py: 1
[2015-03-17 07:09:06] EDIT PokeTraderV4/controllers/default.py: 0
[2015-03-17 07:11:22] EDIT PokeTraderV4/controllers/default.py: 0
[2015-03-17 07:13:03] EDIT PokeTraderV4/controllers/default.py: 0
[2015-03-17 07:13:38] EDIT PokeTraderV4/controllers/default.py: 0
[2015-03-17 07:13:59] EDIT PokeTraderV4/models/menu.py: 0
[2015-03-17 07:14:37] EDIT PokeTraderV4/controllers/default.py: 0
[2015-03-17 14:11:58] EDIT PokeTraderV4/controllers/default.py: 0
[2015-03-17 14:12:13] EDIT PokeTraderV4/controllers/default.py: 0
[2015-03-17 14:25:04] EDIT PokeTraderV4/controllers/default.py: 0
[2015-03-17 14:25:51] EDIT PokeTraderV4/controllers/default.py: 0
[2015-03-17 14:26:20] EDIT PokeTraderV4/views/default/myshop.html: 8
[2015-03-17 14:27:23] EDIT PokeTraderV4/views/default/myshop.html: -4
[2015-03-17 14:28:03] EDIT PokeTraderV4/controllers/default.py: 0
[2015-03-17 14:29:54] EDIT PokeTraderV4/views/default/myshop.html: 0
[2015-03-17 14:30:39] EDIT PokeTraderV4/views/default/myshop.html: 0
[2015-03-17 14:31:50] EDIT PokeTraderV4/views/default/myshop.html: 0
[2015-03-17 14:32:12] EDIT PokeTraderV4/models/tables.py: 1
[2015-03-17 14:33:37] EDIT PokeTraderV4/models/tables.py: 0
[2015-03-17 14:35:29] EDIT PokeTraderV4/views/default/myshop.html: 0
[2015-03-17 14:42:06] EDIT PokeTraderV4/models/tables.py: -5
[2015-03-17 14:45:40] EDIT PokeTraderV4/models/menu.py: -1
[2015-03-17 14:47:08] EDIT PokeTraderV4/views/default/myshop.html: 0
[2015-03-17 14:47:29] EDIT PokeTraderV4/views/default/myshop.html: 0
[2015-03-17 14:48:28] EDIT PokeTraderV4/controllers/default.py: -1
[2015-03-17 14:49:44] EDIT PokeTraderV4/views/default/myshop.html: 0
[2015-03-17 14:50:37] EDIT PokeTraderV4/views/default/myshop.html: 0
[2015-03-17 14:50:49] EDIT PokeTraderV4/views/default/myshop.html: 0
[2015-03-17 14:52:17] EDIT PokeTraderV4/views/default/myshop.html: 1
[2015-03-17 14:52:36] EDIT PokeTraderV4/views/default/myshop.html: 0
[2015-03-17 14:52:52] EDIT PokeTraderV4/views/default/myshop.html: 0
[2015-03-17 14:53:48] EDIT PokeTraderV4/views/default/myshop.html: -1
[2015-03-17 14:53:58] EDIT PokeTraderV4/views/default/myshop.html: 0
[2015-03-17 14:54:22] EDIT PokeTraderV4/views/default/myshop.html: 0
[2015-03-17 14:54:50] EDIT PokeTraderV4/views/default/myshop.html: 0
[2015-03-17 14:55:29] EDIT PokeTraderV4/views/default/myshop.html: 0
[2015-03-17 14:55:41] EDIT PokeTraderV4/views/default/myshop.html: 0
[2015-03-17 14:55:53] EDIT PokeTraderV4/views/default/myshop.html: 0
[2015-03-17 14:56:18] EDIT PokeTraderV4/views/default/myshop.html: 0
[2015-03-17 14:58:10] EDIT PokeTraderV4/controllers/default.py: 0
[2015-03-17 14:59:13] EDIT PokeTraderV4/controllers/default.py: 0
[2015-03-17 15:00:17] EDIT PokeTraderV4/views/default/view.html: 1
[2015-03-17 15:00:38] EDIT PokeTraderV4/views/default/view.html: -1
[2015-03-17 15:00:52] EDIT PokeTraderV4/views/default/view.html: 0
[2015-03-17 15:01:06] EDIT PokeTraderV4/views/default/view.html: -1
[2015-03-17 15:01:21] EDIT PokeTraderV4/views/default/view.html: 0
[2015-03-17 15:01:55] EDIT PokeTraderV4/views/default/view.html: 1
[2015-03-17 15:01:56] EDIT PokeTraderV4/views/default/view.html: 0
[2015-03-17 15:02:28] EDIT PokeTraderV4/views/default/view.html: 0
[2015-03-17 15:03:20] EDIT PokeTraderV4/views/default/view.html: 0
[2015-03-17 15:03:44] EDIT PokeTraderV4/views/default/view.html: 0
[2015-03-17 15:03:53] EDIT PokeTraderV4/views/default/view.html: 0
[2015-03-17 15:05:01] EDIT PokeTraderV4/views/default/view.html: -1
[2015-03-17 15:05:12] EDIT PokeTraderV4/views/default/view.html: 1
[2015-03-17 15:10:41] EDIT PokeTraderV4/controllers/default.py: 1
[2015-03-17 15:10:48] EDIT PokeTraderV4/controllers/default.py: 0
[2015-03-17 15:11:12] EDIT PokeTraderV4/controllers/default.py: 0
[2015-03-17 15:11:28] EDIT PokeTraderV4/controllers/default.py: 0
[2015-03-17 15:16:11] EDIT PokeTraderV4/controllers/default.py: 0
[2015-03-17 15:18:21] DELETE PokeTraderV4/models/posts.py: -10
[2015-03-17 15:19:41] CREATE post.py: 0
[2015-03-17 15:19:46] EDIT PokeTraderV4/models/post.py: 6
[2015-03-17 15:20:35] EDIT PokeTraderV4/models/tables.py: 0
[2015-03-17 15:20:52] EDIT PokeTraderV4/controllers/default.py: 0
[2015-03-17 15:22:35] DELETE PokeTraderV4/models/post.py: -6
[2015-03-17 15:25:26] EDIT PokeTraderV4/controllers/default.py: 0
[2015-03-17 15:26:00] EDIT PokeTraderV4/controllers/default.py: 0
[2015-03-17 15:26:00] EDIT PokeTraderV4/controllers/default.py: 0
[2015-03-17 15:26:00] EDIT PokeTraderV4/controllers/default.py: 0
[2015-03-17 15:28:22] EDIT PokeTraderV4/controllers/default.py: 0
[2015-03-17 15:28:36] EDIT PokeTraderV4/views/default/view.html: -1
[2015-03-17 15:29:03] EDIT PokeTraderV4/views/default/view.html: 1
[2015-03-17 15:29:24] EDIT PokeTraderV4/controllers/default.py: 0
[2015-03-17 15:31:25] EDIT PokeTraderV4/controllers/default.py: 0
[2015-03-17 15:31:39] EDIT PokeTraderV4/controllers/default.py: 0
[2015-03-17 15:31:52] EDIT PokeTraderV4/controllers/default.py: 0
[2015-03-17 15:31:52] EDIT PokeTraderV4/controllers/default.py: 0
[2015-03-17 15:32:02] EDIT PokeTraderV4/controllers/default.py: 0
[2015-03-17 15:33:04] EDIT PokeTraderV4/controllers/default.py: 0
[2015-03-17 15:33:41] EDIT PokeTraderV4/controllers/default.py: 0
[2015-03-17 15:34:38] EDIT PokeTraderV4/models/tables.py: 0
[2015-03-17 15:34:55] EDIT PokeTraderV4/models/tables.py: 0
[2015-03-17 15:34:58] EDIT PokeTraderV4/models/tables.py: 0
[2015-03-17 15:35:19] EDIT PokeTraderV4/controllers/default.py: 0
[2015-03-17 15:35:26] EDIT PokeTraderV4/views/default/view.html: 0
[2015-03-17 16:38:36] CREATE reply.py: 0
[2015-03-17 16:40:17] EDIT PokeTraderV4/models/tables.py: 0
[2015-03-17 16:40:33] EDIT PokeTraderV4/controllers/default.py: 0
[2015-03-17 16:40:56] EDIT PokeTraderV4/views/default/view.html: 0
[2015-03-17 16:43:16] EDIT PokeTraderV4/controllers/default.py: 0
[2015-03-17 16:43:36] EDIT PokeTraderV4/views/default/view.html: 1
[2015-03-17 16:46:27] EDIT PokeTraderV4/models/tables.py: 0
[2015-03-17 16:47:20] EDIT PokeTraderV4/models/tables.py: 3
[2015-03-17 16:49:15] EDIT PokeTraderV4/models/tables.py: 2
[2015-03-17 16:50:20] EDIT PokeTraderV4/models/tables.py: 0
[2015-03-17 16:50:43] EDIT PokeTraderV4/models/tables.py: 0
[2015-03-17 16:50:58] EDIT PokeTraderV4/models/tables.py: 0
[2015-03-17 16:51:32] EDIT PokeTraderV4/models/tables.py: 0
[2015-03-17 16:52:27] EDIT PokeTraderV4/controllers/default.py: 0
[2015-03-17 16:53:41] EDIT PokeTraderV4/models/tables.py: 0
[2015-03-17 16:53:55] EDIT PokeTraderV4/models/tables.py: 0
[2015-03-17 16:56:51] EDIT PokeTraderV4/controllers/default.py: 0
[2015-03-17 16:57:22] EDIT PokeTraderV4/controllers/default.py: 0
[2015-03-17 16:57:41] EDIT PokeTraderV4/models/tables.py: 0
[2015-03-17 16:57:48] EDIT PokeTraderV4/models/tables.py: 0
[2015-03-17 16:58:57] EDIT PokeTraderV4/models/tables.py: 0
[2015-03-17 16:59:34] EDIT PokeTraderV4/controllers/default.py: 0
[2015-03-17 17:00:04] EDIT PokeTraderV4/controllers/default.py: 0
[2015-03-17 17:00:14] EDIT PokeTraderV4/controllers/default.py: 0
[2015-03-17 17:00:18] EDIT PokeTraderV4/controllers/default.py: 0
[2015-03-17 17:00:30] EDIT PokeTraderV4/controllers/default.py: 0
[2015-03-17 17:03:44] EDIT PokeTraderV4/controllers/default.py: 1
[2015-03-17 17:03:57] EDIT PokeTraderV4/controllers/default.py: 0
[2015-03-17 17:04:33] EDIT PokeTraderV4/controllers/default.py: 0
[2015-03-17 17:04:46] EDIT PokeTraderV4/controllers/default.py: 0
[2015-03-17 17:05:03] EDIT PokeTraderV4/models/tables.py: 0
[2015-03-17 17:05:18] EDIT PokeTraderV4/models/tables.py: 0
[2015-03-17 17:06:08] EDIT PokeTraderV4/models/tables.py: 0
[2015-03-17 17:06:14] EDIT PokeTraderV4/models/tables.py: 0
[2015-03-17 17:06:29] EDIT PokeTraderV4/models/tables.py: 0
[2015-03-17 17:07:13] EDIT PokeTraderV4/controllers/default.py: 1
[2015-03-17 17:07:46] EDIT PokeTraderV4/controllers/default.py: 0
[2015-03-17 17:08:06] EDIT PokeTraderV4/controllers/default.py: 0
[2015-03-17 17:08:53] EDIT PokeTraderV4/views/default/view.html: 0
[2015-03-17 17:10:52] EDIT PokeTraderV4/controllers/default.py: 1
[2015-03-17 17:11:01] EDIT PokeTraderV4/controllers/default.py: 0
[2015-03-17 17:11:37] EDIT PokeTraderV4/controllers/default.py: 0
[2015-03-17 17:11:50] EDIT PokeTraderV4/controllers/default.py: 0
[2015-03-17 17:14:07] EDIT PokeTraderV4/models/tables.py: 0
[2015-03-17 17:14:45] EDIT PokeTraderV4/models/tables.py: 0
[2015-03-17 17:15:00] EDIT PokeTraderV4/models/tables.py: 0
[2015-03-17 17:17:13] EDIT PokeTraderV4/controllers/default.py: 0
[2015-03-17 17:18:05] EDIT PokeTraderV4/views/default/view.html: -1
[2015-03-17 17:18:09] EDIT PokeTraderV4/views/default/view.html: 1
[2015-03-17 17:18:33] EDIT PokeTraderV4/views/default/view.html: 0
[2015-03-17 17:19:05] EDIT PokeTraderV4/views/default/view.html: 0
[2015-03-17 17:20:59] EDIT PokeTraderV4/controllers/default.py: -1
[2015-03-17 17:21:39] EDIT PokeTraderV4/controllers/default.py: 0
[2015-03-17 17:23:27] EDIT PokeTraderV4/controllers/default.py: 0
[2015-03-17 17:31:52] EDIT PokeTraderV4/views/default/view.html: -1
[2015-03-17 17:31:54] EDIT PokeTraderV4/views/default/view.html: 0
[2015-03-17 17:43:28] EDIT PokeTraderV4/controllers/default.py: 0
[2015-03-17 17:45:52] EDIT PokeTraderV4/controllers/default.py: 1
[2015-03-17 17:46:58] EDIT PokeTraderV4/models/tables.py: 0
[2015-03-17 17:47:26] EDIT PokeTraderV4/models/tables.py: 0
[2015-03-17 17:48:51] EDIT PokeTraderV4/controllers/default.py: 0
[2015-03-17 17:48:53] EDIT PokeTraderV4/models/tables.py: 0
[2015-03-17 17:48:56] EDIT PokeTraderV4/views/default/view.html: 0
[2015-03-17 17:48:59] EDIT PokeTraderV4/views/default/index.html: 0
[2015-03-17 17:49:01] EDIT PokeTraderV4/views/default/myshop.html: 0
